Process Process-26:
Traceback (most recent call last):
  File "/usr/lib/python3.6/multiprocessing/process.py", line 258, in _bootstrap
    self.run()
  File "/usr/lib/python3.6/multiprocessing/process.py", line 93, in run
    self._target(*self._args, **self._kwargs)
  File "/home/paulbreugnot/Development/Python/workspace/Loacore/loacore/process/file_process.py", line 296, in print_process_states
    curses.wrapper(printer)
  File "/usr/lib/python3.6/curses/__init__.py", line 94, in wrapper
    return func(stdscr, *args, **kwds)
  File "/home/paulbreugnot/Development/Python/workspace/Loacore/loacore/process/file_process.py", line 287, in printer
    state = q.get()
  File "/usr/lib/python3.6/multiprocessing/queues.py", line 94, in get
    res = self._recv_bytes()
  File "/usr/lib/python3.6/multiprocessing/connection.py", line 216, in recv_bytes
    buf = self._recv_bytes(maxlength)
  File "/usr/lib/python3.6/multiprocessing/connection.py", line 411, in _recv_bytes
    return self._recv(size)
  File "/usr/lib/python3.6/multiprocessing/connection.py", line 379, in _recv
    chunk = read(handle, remaining)
KeyboardInterrupt
Process Process-1:
Traceback (most recent call last):
  File "/usr/lib/python3.6/multiprocessing/process.py", line 258, in _bootstrap
    self.run()
  File "/usr/lib/python3.6/multiprocessing/process.py", line 93, in run
    self._target(*self._args, **self._kwargs)
  File "/home/paulbreugnot/Development/Python/workspace/Loacore/loacore/process/file_process.py", line 213, in split_reviews_process
    freeling_modules["wsd"]))
  File "/home/paulbreugnot/Development/Python/workspace/Loacore/loacore/process/synset_process.py", line 28, in add_synsets_to_sentences
    freeling_sentences = [sentence.compute_freeling_sentence() for sentence in sentences]
  File "/home/paulbreugnot/Development/Python/workspace/Loacore/loacore/process/synset_process.py", line 28, in <listcomp>
    freeling_sentences = [sentence.compute_freeling_sentence() for sentence in sentences]
  File "/home/paulbreugnot/Development/Python/workspace/Loacore/loacore/classes/classes.py", line 188, in compute_freeling_sentence
    fr_words = [word.compute_freeling_word() for word in self.words]
  File "/home/paulbreugnot/Development/Python/workspace/Loacore/loacore/classes/classes.py", line 188, in <listcomp>
    fr_words = [word.compute_freeling_word() for word in self.words]
  File "/home/paulbreugnot/Development/Python/workspace/Loacore/loacore/classes/classes.py", line 243, in compute_freeling_word
    self.freeling_word = fr_word
KeyboardInterrupt
Process Process-3:
Traceback (most recent call last):
  File "/usr/lib/python3.6/multiprocessing/process.py", line 258, in _bootstrap
    self.run()
  File "/usr/lib/python3.6/multiprocessing/process.py", line 93, in run
    self._target(*self._args, **self._kwargs)
  File "/home/paulbreugnot/Development/Python/workspace/Loacore/loacore/process/file_process.py", line 197, in split_reviews_process
    freeling_modules=freeling_modules["morfo"])
  File "/home/paulbreugnot/Development/Python/workspace/Loacore/loacore/process/lemma_process.py", line 75, in add_lemmas_to_sentences
    c.execute("UPDATE Word SET ID_Lemma = " + str(id_lemma) + " WHERE ID_Word = " + str(word.id_word))
KeyboardInterrupt
Process Process-4:
Traceback (most recent call last):
  File "/usr/lib/python3.6/multiprocessing/process.py", line 258, in _bootstrap
    self.run()
  File "/usr/lib/python3.6/multiprocessing/process.py", line 93, in run
    self._target(*self._args, **self._kwargs)
  File "/home/paulbreugnot/Development/Python/workspace/Loacore/loacore/process/file_process.py", line 197, in split_reviews_process
    freeling_modules=freeling_modules["morfo"])
  File "/home/paulbreugnot/Development/Python/workspace/Loacore/loacore/process/lemma_process.py", line 68, in add_lemmas_to_sentences
    c.execute("INSERT INTO Lemma (Lemma, ID_Word) VALUES (?, ?)", (word.lemma, word.id_word))
KeyboardInterrupt
Process Process-2:
